[2021-01-01 19:29:01] >>> (This log file has been created)
[2021-01-01 19:29:01] >>> The application is attempting to configure itself again from scratch. The log file env.log already exists in the location the application defines where it should exist. Permissions have been changed as needed by application, and any previous data has been overwritten.
[2021-01-01 19:29:01] >>> The application is attempting to configure itself again from scratch. The log file db.log already exists in the location the application defines where it should exist. Permissions have been changed as needed by application, and any previous data has been overwritten.
[2021-01-01 19:29:01] >>> The application is attempting to configure itself again from scratch. The log file debug.log already exists in the location the application defines where it should exist. Permissions have been changed as needed by application, and any previous data has been overwritten.
[2021-01-01 19:29:01] >>> The application is attempting to configure itself again from scratch. The log file errors.log already exists in the location the application defines where it should exist. Permissions have been changed as needed by application, and any previous data has been overwritten.
[2021-01-01 19:29:01] >>> The application is attempting to configure itself again from scratch. The log file logic.log already exists in the location the application defines where it should exist. Permissions have been changed as needed by application, and any previous data has been overwritten.
[2021-01-01 19:29:01] >>> All log files have successfully been created
[2021-01-01 19:29:01] >>> Config object created
[2021-01-01 19:29:01] >>> MySQL test connection was successful
[2021-01-01 19:29:01] >>> Successfully attached database functions script
[2021-01-01 19:29:21] >>> Config object created
[2021-01-01 19:29:21] >>> MySQL test connection was successful
[2021-01-01 19:29:21] >>> Successfully attached database functions script
[2021-01-01 19:29:26] >>> Config object created
[2021-01-01 19:29:26] >>> MySQL test connection was successful
[2021-01-01 19:29:26] >>> Successfully attached database functions script
[2021-01-01 19:29:40] >>> Config object created
[2021-01-01 19:29:40] >>> MySQL test connection was successful
[2021-01-01 19:29:40] >>> Successfully attached database functions script
[2021-01-01 19:38:11] >>> Config object created
[2021-01-01 19:38:11] >>> MySQL test connection was successful
[2021-01-01 19:38:11] >>> Successfully attached database functions script
[2021-01-01 19:38:13] >>> Config object created
[2021-01-01 19:38:13] >>> MySQL test connection was successful
[2021-01-01 19:38:13] >>> Successfully attached database functions script
[2021-01-01 19:38:30] >>> Config object created
[2021-01-01 19:38:30] >>> MySQL test connection was successful
[2021-01-01 19:38:30] >>> Successfully attached database functions script
[2021-01-01 19:47:24] >>> Config object created
[2021-01-01 19:47:24] >>> MySQL test connection was successful
[2021-01-01 19:47:24] >>> Successfully attached database functions script
[2021-01-01 19:47:25] >>> Config object created
[2021-01-01 19:47:25] >>> MySQL test connection was successful
[2021-01-01 19:47:25] >>> Successfully attached database functions script
[2021-01-01 19:47:25] >>> Config object created
[2021-01-01 19:47:25] >>> MySQL test connection was successful
[2021-01-01 19:47:25] >>> Successfully attached database functions script
[2021-01-01 19:47:33] >>> Config object created
[2021-01-01 19:47:33] >>> MySQL test connection was successful
[2021-01-01 19:47:33] >>> Successfully attached database functions script
[2021-01-01 19:47:34] >>> Config object created
[2021-01-01 19:47:34] >>> MySQL test connection was successful
[2021-01-01 19:47:34] >>> Successfully attached database functions script
[2021-01-01 19:47:34] >>> Config object created
[2021-01-01 19:47:34] >>> MySQL test connection was successful
[2021-01-01 19:47:34] >>> Successfully attached database functions script
[2021-01-01 19:47:34] >>> Config object created
[2021-01-01 19:47:34] >>> MySQL test connection was successful
[2021-01-01 19:47:34] >>> Successfully attached database functions script
[2021-01-01 19:47:34] >>> Config object created
[2021-01-01 19:47:34] >>> MySQL test connection was successful
[2021-01-01 19:47:34] >>> Successfully attached database functions script
[2021-01-01 19:47:34] >>> Config object created
[2021-01-01 19:47:34] >>> MySQL test connection was successful
[2021-01-01 19:47:34] >>> Successfully attached database functions script
